<?xml version="1.0" encoding="UTF-8"?>
<!-- Generated by org.testng.reporters.JUnitReportReporter -->
<testsuite hostname="Raagss" failures="0" tests="1" name="testCases.TC001_AccountRegistrationTest" time="4.316" errors="0" timestamp="2025-10-12T16:59:09 IST" skipped="0">
  <testcase classname="testCases.TC001_AccountRegistrationTest" name="verify_account_registration" time="4.316"/>
</testsuite> <!-- testCases.TC001_AccountRegistrationTest -->
